Build started 2016-04-20 16:03:20.
     1>Project "C:\GitHub\LASDAC\usb_testprogram\ConsoleApplication1\ConsoleApplication1\ConsoleApplication1.vcxproj" on node 2 (Build target(s)).
     1>Link:
         C:\Program Files (x86)\Microsoft Visual Studio 12.0\VC\bin\link.exe /ERRORREPORT:PROMPT /OUT:"C:\GitHub\LASDAC\usb_testprogram\ConsoleApplication1\Debug\ConsoleApplication1.exe" /INCREMENTAL /NOLOGO /LIBPATH:C:\GitHub\LASDAC\usb_testprogram\ConsoleApplication1\ConsoleApplication1 /LIBPATH:"C:\Users\BG\Documents\Visual Studio 2015\Projects\ConsoleApplication1\ConsoleApplication1" "libusb-1.0.lib" kernel32.lib user32.lib gdi32.lib winspool.lib comdlg32.lib advapi32.lib shell32.lib ole32.lib oleaut32.lib uuid.lib odbc32.lib odbccp32.lib kernel32.lib user32.lib gdi32.lib winspool.lib comdlg32.lib advapi32.lib shell32.lib ole32.lib oleaut32.lib uuid.lib odbc32.lib odbccp32.lib /MANIFEST /MANIFESTUAC:"level='asInvoker' uiAccess='false'" /manifest:embed /DEBUG /PDB:"C:\GitHub\LASDAC\usb_testprogram\ConsoleApplication1\Debug\ConsoleApplication1.pdb" /SUBSYSTEM:CONSOLE /TLBID:1 /DYNAMICBASE /NXCOMPAT /IMPLIB:"C:\GitHub\LASDAC\usb_testprogram\ConsoleApplication1\Debug\ConsoleApplication1.lib" /MACHINE:X86 Debug\ConsoleApplication1.obj
         Debug\stdafx.obj
     1>LINK : warning LNK4098: defaultlib 'LIBCMTD' conflicts with use of other libs; use /NODEFAULTLIB:library
     1>libusb-1.0.lib(core.obj) : error LNK2019: unresolved external symbol ___acrt_iob_func referenced in function _usbi_log_str
     1>libusb-1.0.lib(core.obj) : error LNK2019: unresolved external symbol ___stdio_common_vsprintf referenced in function __vsnprintf_l
     1>libusb-1.0.lib(windows_winusb.obj) : error LNK2001: unresolved external symbol ___stdio_common_vsprintf
     1>libusb-1.0.lib(windows_nt_common.obj) : error LNK2001: unresolved external symbol ___stdio_common_vsprintf
     1>libusb-1.0.lib(windows_winusb.obj) : error LNK2019: unresolved external symbol ___stdio_common_vsscanf referenced in function __vsscanf_l
     1>C:\GitHub\LASDAC\usb_testprogram\ConsoleApplication1\Debug\ConsoleApplication1.exe : fatal error LNK1120: 3 unresolved externals
     1>Done Building Project "C:\GitHub\LASDAC\usb_testprogram\ConsoleApplication1\ConsoleApplication1\ConsoleApplication1.vcxproj" (Build target(s)) -- FAILED.

Build FAILED.

Time Elapsed 00:00:00.23
