Build started 2016-05-05 16:52:30.
     1>Project "C:\GitHub\LASDAC\Driver\LasdacDll_gitle\LasdacDll\LasdacDll.vcxproj" on node 2 (Build target(s)).
     1>Link:
         C:\Program Files (x86)\Microsoft Visual Studio 12.0\VC\bin\x86_amd64\link.exe /ERRORREPORT:PROMPT /OUT:"C:\GitHub\LASDAC\Driver\LasdacDll_gitle\x64\Debug\LasdacDll.dll" /INCREMENTAL /NOLOGO /LIBPATH:C:\GitHub\LASDAC\Driver\LasdacDll "libusb-1.0.lib" kernel32.lib user32.lib gdi32.lib winspool.lib comdlg32.lib advapi32.lib shell32.lib ole32.lib oleaut32.lib uuid.lib odbc32.lib odbccp32.lib /MANIFEST /MANIFESTUAC:"level='asInvoker' uiAccess='false'" /manifest:embed /DEBUG /PDB:"C:\GitHub\LASDAC\Driver\LasdacDll_gitle\x64\Debug\LasdacDll.pdb" /SUBSYSTEM:WINDOWS /TLBID:1 /DYNAMICBASE /NXCOMPAT /IMPLIB:"C:\GitHub\LASDAC\Driver\LasdacDll_gitle\x64\Debug\LasdacDll.lib" /MACHINE:X64 /DLL x64\Debug\dllmain.obj
         x64\Debug\LasdacDll.obj
         x64\Debug\stdafx.obj
            Creating library C:\GitHub\LASDAC\Driver\LasdacDll_gitle\x64\Debug\LasdacDll.lib and object C:\GitHub\LASDAC\Driver\LasdacDll_gitle\x64\Debug\LasdacDll.exp
     1>LasdacDll.obj : error LNK2019: unresolved external symbol libusb_init referenced in function open_device
     1>LasdacDll.obj : error LNK2019: unresolved external symbol libusb_exit referenced in function close_device
     1>LasdacDll.obj : error LNK2019: unresolved external symbol libusb_close referenced in function close_device
     1>LasdacDll.obj : error LNK2019: unresolved external symbol libusb_claim_interface referenced in function open_device
     1>LasdacDll.obj : error LNK2019: unresolved external symbol libusb_open_device_with_vid_pid referenced in function open_device
     1>LasdacDll.obj : error LNK2019: unresolved external symbol libusb_set_interface_alt_setting referenced in function open_device
     1>LasdacDll.obj : error LNK2019: unresolved external symbol libusb_bulk_transfer referenced in function send_frame
     1>C:\GitHub\LASDAC\Driver\LasdacDll_gitle\x64\Debug\LasdacDll.dll : fatal error LNK1120: 7 unresolved externals
     1>Done Building Project "C:\GitHub\LASDAC\Driver\LasdacDll_gitle\LasdacDll\LasdacDll.vcxproj" (Build target(s)) -- FAILED.

Build FAILED.

Time Elapsed 00:00:00.55
